<?xml version="1.0" encoding="UTF-8"?>
<!-- Generated by org.testng.reporters.JUnitReportReporter -->
<testsuite hostname="gopipree" failures="0" tests="2" name="Rest_Framework.Rest_Framework.AppTest" time="7.622" errors="0" timestamp="19 Jul 2020 10:58:24 GMT">
  <testcase classname="Rest_Framework.Rest_Framework.AppTest" name="test_GetHealcheck" time="6.631"/>
  <testcase classname="Rest_Framework.Rest_Framework.AppTest" name="test_GetHeartbeat" time="0.991"/>
</testsuite> <!-- Rest_Framework.Rest_Framework.AppTest -->
