<?xml version="1.0" encoding="UTF-8"?>
<!-- Generated by org.testng.reporters.JUnitReportReporter -->
<testsuite hostname="gopipree" failures="0" tests="2" name="Rest_Framework.Rest_Framework.AppTest" time="5.434" errors="0" timestamp="2020-07-19T15:56:37 IST" skipped="0">
  <testcase classname="Rest_Framework.Rest_Framework.AppTest" name="test_GetHeartbeat" time="0.902"/>
  <system-out/>
  <testcase classname="Rest_Framework.Rest_Framework.AppTest" name="test_GetHealcheck" time="4.532"/>
  <system-out/>
</testsuite> <!-- Rest_Framework.Rest_Framework.AppTest -->
